-------------------------------------------------------------------------------
Test set: pl.coherentsolutions.bookingapp.BookingAppApplicationTests
-------------------------------------------------------------------------------
Tests run: 1, Failures: 0, Errors: 1, Skipped: 0, Time elapsed: 4.021 s <<< FAILURE! -- in pl.coherentsolutions.bookingapp.BookingAppApplicationTests
pl.coherentsolutions.bookingapp.BookingAppApplicationTests.contextLoads -- Time elapsed: 0.016 s <<< ERROR!
java.lang.IllegalStateException: Failed to load ApplicationContext for [WebMergedContextConfiguration@5e7cd0df testClass = pl.coherentsolutions.bookingapp.BookingAppApplicationTests, locations = [], classes = [pl.coherentsolutions.bookingapp.BookingAppApplication], contextInitializerClasses = [], activeProfiles = [], propertySourceDescriptors = [], propertySourceProperties = ["org.springframework.boot.test.context.SpringBootTestContextBootstrapper=true"], contextCustomizers = [org.springframework.boot.test.context.filter.ExcludeFilterContextCustomizer@7f2cfe3f, org.springframework.boot.test.json.DuplicateJsonObjectContextCustomizerFactory$DuplicateJsonObjectContextCustomizer@6bb4dd34, org.springframework.boot.test.mock.mockito.MockitoContextCustomizer@0, org.springframework.boot.test.web.client.TestRestTemplateContextCustomizer@4b86805d, org.springframework.boot.test.autoconfigure.actuate.observability.ObservabilityContextCustomizerFactory$DisableObservabilityContextCustomizer@1f, org.springframework.boot.test.autoconfigure.properties.PropertyMappingContextCustomizer@0, org.springframework.boot.test.autoconfigure.web.servlet.WebDriverContextCustomizer@7de62196, org.springframework.boot.test.context.SpringBootTestAnnotation@4c76f7b], resourceBasePath = "src/main/webapp", contextLoader = org.springframework.boot.test.context.SpringBootContextLoader, parent = null]
	at org.springframework.test.context.cache.DefaultCacheAwareContextLoaderDelegate.loadContext(DefaultCacheAwareContextLoaderDelegate.java:180)
	at org.springframework.test.context.support.DefaultTestContext.getApplicationContext(DefaultTestContext.java:130)
	at org.springframework.test.context.web.ServletTestExecutionListener.setUpRequestContextIfNecessary(ServletTestExecutionListener.java:191)
	at org.springframework.test.context.web.ServletTestExecutionListener.prepareTestInstance(ServletTestExecutionListener.java:130)
	at org.springframework.test.context.TestContextManager.prepareTestInstance(TestContextManager.java:260)
	at org.springframework.test.context.junit.jupiter.SpringExtension.postProcessTestInstance(SpringExtension.java:163)
	at java.base/java.util.stream.ReferencePipeline$3$1.accept(ReferencePipeline.java:197)
	at java.base/java.util.stream.ReferencePipeline$2$1.accept(ReferencePipeline.java:179)
	at java.base/java.util.ArrayList$ArrayListSpliterator.forEachRemaining(ArrayList.java:1625)
	at java.base/java.util.stream.AbstractPipeline.copyInto(AbstractPipeline.java:509)
	at java.base/java.util.stream.AbstractPipeline.wrapAndCopyInto(AbstractPipeline.java:499)
	at java.base/java.util.stream.StreamSpliterators$WrappingSpliterator.forEachRemaining(StreamSpliterators.java:310)
	at java.base/java.util.stream.Streams$ConcatSpliterator.forEachRemaining(Streams.java:735)
	at java.base/java.util.stream.Streams$ConcatSpliterator.forEachRemaining(Streams.java:734)
	at java.base/java.util.stream.ReferencePipeline$Head.forEach(ReferencePipeline.java:762)
	at java.base/java.util.Optional.orElseGet(Optional.java:364)
	at java.base/java.util.ArrayList.forEach(ArrayList.java:1511)
	at java.base/java.util.ArrayList.forEach(ArrayList.java:1511)
Caused by: org.springframework.beans.factory.BeanCreationException: Error creating bean with name 'entityManagerFactory' defined in class path resource [org/springframework/boot/autoconfigure/orm/jpa/HibernateJpaConfiguration.class]: Failed to initialize dependency 'liquibase' of LoadTimeWeaverAware bean 'entityManagerFactory': Error creating bean with name 'liquibase' defined in class path resource [org/springframework/boot/autoconfigure/liquibase/LiquibaseAutoConfiguration$LiquibaseConfiguration.class]: liquibase.exception.CommandExecutionException: liquibase.exception.LiquibaseException: liquibase.exception.MigrationFailedException: Migration failed for changeset db/changelog/db.changelog-1.0-booking.xml::3::author:
     Reason: liquibase.exception.DatabaseException: Table "ORDERS" not found; SQL statement:
ALTER TABLE PUBLIC.bookings ADD CONSTRAINT fk_booking_order FOREIGN KEY (order_id) REFERENCES PUBLIC.orders (id) [42102-224] [Failed SQL: (42102) ALTER TABLE PUBLIC.bookings ADD CONSTRAINT fk_booking_order FOREIGN KEY (order_id) REFERENCES PUBLIC.orders (id)]
	at org.springframework.beans.factory.support.AbstractBeanFactory.doGetBean(AbstractBeanFactory.java:326)
	at org.springframework.beans.factory.support.AbstractBeanFactory.getBean(AbstractBeanFactory.java:205)
	at org.springframework.context.support.AbstractApplicationContext.finishBeanFactoryInitialization(AbstractApplicationContext.java:952)
	at org.springframework.context.support.AbstractApplicationContext.refresh(AbstractApplicationContext.java:624)
	at org.springframework.boot.SpringApplication.refresh(SpringApplication.java:754)
	at org.springframework.boot.SpringApplication.refreshContext(SpringApplication.java:456)
	at org.springframework.boot.SpringApplication.run(SpringApplication.java:335)
	at org.springframework.boot.test.context.SpringBootContextLoader.lambda$loadContext$3(SpringBootContextLoader.java:137)
	at org.springframework.util.function.ThrowingSupplier.get(ThrowingSupplier.java:58)
	at org.springframework.util.function.ThrowingSupplier.get(ThrowingSupplier.java:46)
	at org.springframework.boot.SpringApplication.withHook(SpringApplication.java:1463)
	at org.springframework.boot.test.context.SpringBootContextLoader$ContextLoaderHook.run(SpringBootContextLoader.java:553)
	at org.springframework.boot.test.context.SpringBootContextLoader.loadContext(SpringBootContextLoader.java:137)
	at org.springframework.boot.test.context.SpringBootContextLoader.loadContext(SpringBootContextLoader.java:108)
	at org.springframework.test.context.cache.DefaultCacheAwareContextLoaderDelegate.loadContextInternal(DefaultCacheAwareContextLoaderDelegate.java:225)
	at org.springframework.test.context.cache.DefaultCacheAwareContextLoaderDelegate.loadContext(DefaultCacheAwareContextLoaderDelegate.java:152)
	... 17 more
Caused by: org.springframework.beans.factory.BeanCreationException: Error creating bean with name 'liquibase' defined in class path resource [org/springframework/boot/autoconfigure/liquibase/LiquibaseAutoConfiguration$LiquibaseConfiguration.class]: liquibase.exception.CommandExecutionException: liquibase.exception.LiquibaseException: liquibase.exception.MigrationFailedException: Migration failed for changeset db/changelog/db.changelog-1.0-booking.xml::3::author:
     Reason: liquibase.exception.DatabaseException: Table "ORDERS" not found; SQL statement:
ALTER TABLE PUBLIC.bookings ADD CONSTRAINT fk_booking_order FOREIGN KEY (order_id) REFERENCES PUBLIC.orders (id) [42102-224] [Failed SQL: (42102) ALTER TABLE PUBLIC.bookings ADD CONSTRAINT fk_booking_order FOREIGN KEY (order_id) REFERENCES PUBLIC.orders (id)]
	at org.springframework.beans.factory.support.AbstractAutowireCapableBeanFactory.initializeBean(AbstractAutowireCapableBeanFactory.java:1788)
	at org.springframework.beans.factory.support.AbstractAutowireCapableBeanFactory.doCreateBean(AbstractAutowireCapableBeanFactory.java:600)
	at org.springframework.beans.factory.support.AbstractAutowireCapableBeanFactory.createBean(AbstractAutowireCapableBeanFactory.java:522)
	at org.springframework.beans.factory.support.AbstractBeanFactory.lambda$doGetBean$0(AbstractBeanFactory.java:337)
	at org.springframework.beans.factory.support.DefaultSingletonBeanRegistry.getSingleton(DefaultSingletonBeanRegistry.java:234)
	at org.springframework.beans.factory.support.AbstractBeanFactory.doGetBean(AbstractBeanFactory.java:335)
	at org.springframework.beans.factory.support.AbstractBeanFactory.getBean(AbstractBeanFactory.java:200)
	at org.springframework.beans.factory.support.AbstractBeanFactory.doGetBean(AbstractBeanFactory.java:313)
	... 32 more
Caused by: liquibase.exception.UnexpectedLiquibaseException: liquibase.exception.CommandExecutionException: liquibase.exception.LiquibaseException: liquibase.exception.MigrationFailedException: Migration failed for changeset db/changelog/db.changelog-1.0-booking.xml::3::author:
     Reason: liquibase.exception.DatabaseException: Table "ORDERS" not found; SQL statement:
ALTER TABLE PUBLIC.bookings ADD CONSTRAINT fk_booking_order FOREIGN KEY (order_id) REFERENCES PUBLIC.orders (id) [42102-224] [Failed SQL: (42102) ALTER TABLE PUBLIC.bookings ADD CONSTRAINT fk_booking_order FOREIGN KEY (order_id) REFERENCES PUBLIC.orders (id)]
	at liquibase.integration.spring.SpringLiquibase.afterPropertiesSet(SpringLiquibase.java:259)
	at org.springframework.beans.factory.support.AbstractAutowireCapableBeanFactory.invokeInitMethods(AbstractAutowireCapableBeanFactory.java:1835)
	at org.springframework.beans.factory.support.AbstractAutowireCapableBeanFactory.initializeBean(AbstractAutowireCapableBeanFactory.java:1784)
	... 39 more
Caused by: liquibase.exception.CommandExecutionException: liquibase.exception.LiquibaseException: liquibase.exception.MigrationFailedException: Migration failed for changeset db/changelog/db.changelog-1.0-booking.xml::3::author:
     Reason: liquibase.exception.DatabaseException: Table "ORDERS" not found; SQL statement:
ALTER TABLE PUBLIC.bookings ADD CONSTRAINT fk_booking_order FOREIGN KEY (order_id) REFERENCES PUBLIC.orders (id) [42102-224] [Failed SQL: (42102) ALTER TABLE PUBLIC.bookings ADD CONSTRAINT fk_booking_order FOREIGN KEY (order_id) REFERENCES PUBLIC.orders (id)]
	at liquibase.command.CommandScope.execute(CommandScope.java:257)
	at liquibase.Liquibase.lambda$update$0(Liquibase.java:245)
	at liquibase.Scope.lambda$child$0(Scope.java:190)
	at liquibase.Scope.child(Scope.java:199)
	at liquibase.Scope.child(Scope.java:189)
	at liquibase.Scope.child(Scope.java:168)
	at liquibase.Liquibase.runInScope(Liquibase.java:1436)
	at liquibase.Liquibase.update(Liquibase.java:234)
	at liquibase.Liquibase.update(Liquibase.java:212)
	at liquibase.integration.spring.SpringLiquibase.performUpdate(SpringLiquibase.java:297)
	at liquibase.integration.spring.SpringLiquibase.lambda$afterPropertiesSet$0(SpringLiquibase.java:249)
	at liquibase.Scope.lambda$child$0(Scope.java:190)
	at liquibase.Scope.child(Scope.java:199)
	at liquibase.Scope.child(Scope.java:189)
	at liquibase.Scope.child(Scope.java:168)
	at liquibase.Scope.child(Scope.java:256)
	at liquibase.integration.spring.SpringLiquibase.afterPropertiesSet(SpringLiquibase.java:242)
	... 41 more
Caused by: liquibase.exception.LiquibaseException: liquibase.exception.MigrationFailedException: Migration failed for changeset db/changelog/db.changelog-1.0-booking.xml::3::author:
     Reason: liquibase.exception.DatabaseException: Table "ORDERS" not found; SQL statement:
ALTER TABLE PUBLIC.bookings ADD CONSTRAINT fk_booking_order FOREIGN KEY (order_id) REFERENCES PUBLIC.orders (id) [42102-224] [Failed SQL: (42102) ALTER TABLE PUBLIC.bookings ADD CONSTRAINT fk_booking_order FOREIGN KEY (order_id) REFERENCES PUBLIC.orders (id)]
	at liquibase.changelog.ChangeLogIterator.run(ChangeLogIterator.java:151)
	at liquibase.command.core.AbstractUpdateCommandStep.lambda$run$0(AbstractUpdateCommandStep.java:112)
	at liquibase.Scope.lambda$child$0(Scope.java:190)
	at liquibase.Scope.child(Scope.java:199)
	at liquibase.Scope.child(Scope.java:189)
	at liquibase.Scope.child(Scope.java:168)
	at liquibase.command.core.AbstractUpdateCommandStep.run(AbstractUpdateCommandStep.java:110)
	at liquibase.command.core.UpdateCommandStep.run(UpdateCommandStep.java:105)
	at liquibase.command.CommandScope.execute(CommandScope.java:219)
	... 57 more
Caused by: liquibase.exception.MigrationFailedException: Migration failed for changeset db/changelog/db.changelog-1.0-booking.xml::3::author:
     Reason: liquibase.exception.DatabaseException: Table "ORDERS" not found; SQL statement:
ALTER TABLE PUBLIC.bookings ADD CONSTRAINT fk_booking_order FOREIGN KEY (order_id) REFERENCES PUBLIC.orders (id) [42102-224] [Failed SQL: (42102) ALTER TABLE PUBLIC.bookings ADD CONSTRAINT fk_booking_order FOREIGN KEY (order_id) REFERENCES PUBLIC.orders (id)]
	at liquibase.changelog.ChangeSet.execute(ChangeSet.java:808)
	at liquibase.changelog.visitor.UpdateVisitor.executeAcceptedChange(UpdateVisitor.java:119)
	at liquibase.changelog.visitor.UpdateVisitor.visit(UpdateVisitor.java:68)
	at liquibase.changelog.ChangeLogIterator$2.lambda$run$0(ChangeLogIterator.java:133)
	at liquibase.Scope.lambda$child$0(Scope.java:190)
	at liquibase.Scope.child(Scope.java:199)
	at liquibase.Scope.child(Scope.java:189)
	at liquibase.Scope.child(Scope.java:168)
	at liquibase.changelog.ChangeLogIterator$2.run(ChangeLogIterator.java:122)
	at liquibase.Scope.lambda$child$0(Scope.java:190)
	at liquibase.Scope.child(Scope.java:199)
	at liquibase.Scope.child(Scope.java:189)
	at liquibase.Scope.child(Scope.java:168)
	at liquibase.Scope.child(Scope.java:256)
	at liquibase.Scope.child(Scope.java:260)
	at liquibase.changelog.ChangeLogIterator.run(ChangeLogIterator.java:89)
	... 65 more
Caused by: liquibase.exception.DatabaseException: Table "ORDERS" not found; SQL statement:
ALTER TABLE PUBLIC.bookings ADD CONSTRAINT fk_booking_order FOREIGN KEY (order_id) REFERENCES PUBLIC.orders (id) [42102-224] [Failed SQL: (42102) ALTER TABLE PUBLIC.bookings ADD CONSTRAINT fk_booking_order FOREIGN KEY (order_id) REFERENCES PUBLIC.orders (id)]
	at liquibase.executor.jvm.JdbcExecutor$ExecuteStatementCallback.doInStatement(JdbcExecutor.java:473)
	at liquibase.executor.jvm.JdbcExecutor.execute(JdbcExecutor.java:80)
	at liquibase.executor.jvm.JdbcExecutor.execute(JdbcExecutor.java:182)
	at liquibase.executor.AbstractExecutor.execute(AbstractExecutor.java:141)
	at liquibase.database.AbstractJdbcDatabase.executeStatements(AbstractJdbcDatabase.java:1176)
	at liquibase.changelog.ChangeSet.execute(ChangeSet.java:764)
	... 80 more
Caused by: org.h2.jdbc.JdbcSQLSyntaxErrorException: Table "ORDERS" not found; SQL statement:
ALTER TABLE PUBLIC.bookings ADD CONSTRAINT fk_booking_order FOREIGN KEY (order_id) REFERENCES PUBLIC.orders (id) [42102-224]
	at org.h2.message.DbException.getJdbcSQLException(DbException.java:514)
	at org.h2.message.DbException.getJdbcSQLException(DbException.java:489)
	at org.h2.message.DbException.get(DbException.java:223)
	at org.h2.message.DbException.get(DbException.java:199)
	at org.h2.command.ddl.AlterTableAddConstraint.tryUpdate(AlterTableAddConstraint.java:204)
	at org.h2.command.ddl.AlterTableAddConstraint.update(AlterTableAddConstraint.java:74)
	at org.h2.command.ddl.AlterTable.update(AlterTable.java:46)
	at org.h2.command.CommandContainer.update(CommandContainer.java:169)
	at org.h2.command.Command.executeUpdate(Command.java:256)
	at org.h2.jdbc.JdbcStatement.executeInternal(JdbcStatement.java:262)
	at org.h2.jdbc.JdbcStatement.execute(JdbcStatement.java:231)
	at com.zaxxer.hikari.pool.ProxyStatement.execute(ProxyStatement.java:94)
	at com.zaxxer.hikari.pool.HikariProxyStatement.execute(HikariProxyStatement.java)
	at liquibase.executor.jvm.JdbcExecutor$ExecuteStatementCallback.doInStatement(JdbcExecutor.java:467)
	... 85 more

